22:09:20.957 INFO  AUTOMATION - On start
22:09:21.187 DEBUG AUTOMATION - Getting the monsters list from Excel
22:09:21.960 DEBUG org.apache.poi.openxml4j.opc.PackageRelationshipCollection - Parsing relationship: /xl/_rels/workbook.xml.rels
22:09:22.641 DEBUG org.apache.poi.openxml4j.opc.PackageRelationshipCollection - Parsing relationship: /_rels/.rels
22:09:24.721 DEBUG org.apache.poi.openxml4j.opc.OPCPackage - The close() method is intended to SAVE a package. This package is open in READ ONLY mode, use the revert() method instead!
22:09:25.382 DEBUG AUTOMATION - Getting the monsters list from Excel
22:09:25.417 DEBUG org.apache.poi.openxml4j.opc.PackageRelationshipCollection - Parsing relationship: /xl/_rels/workbook.xml.rels
22:09:25.435 DEBUG org.apache.poi.openxml4j.opc.PackageRelationshipCollection - Parsing relationship: /_rels/.rels
22:09:25.586 DEBUG org.apache.poi.openxml4j.opc.OPCPackage - The close() method is intended to SAVE a package. This package is open in READ ONLY mode, use the revert() method instead!
22:09:25.595 INFO  AUTOMATION - On test starts: fifthTest
22:09:25.824 INFO  AUTOMATION - Test passed
22:09:25.846 DEBUG AUTOMATION - Getting the monsters list from Excel
22:09:25.932 DEBUG org.apache.poi.openxml4j.opc.PackageRelationshipCollection - Parsing relationship: /xl/_rels/workbook.xml.rels
22:09:25.949 DEBUG org.apache.poi.openxml4j.opc.PackageRelationshipCollection - Parsing relationship: /_rels/.rels
22:09:26.102 DEBUG org.apache.poi.openxml4j.opc.OPCPackage - The close() method is intended to SAVE a package. This package is open in READ ONLY mode, use the revert() method instead!
22:09:26.110 INFO  AUTOMATION - On test starts: fifthTest
22:09:26.126 INFO  AUTOMATION - Test passed
22:09:26.137 DEBUG AUTOMATION - Getting the monsters list from Excel
22:09:26.225 DEBUG org.apache.poi.openxml4j.opc.PackageRelationshipCollection - Parsing relationship: /xl/_rels/workbook.xml.rels
22:09:26.238 DEBUG org.apache.poi.openxml4j.opc.PackageRelationshipCollection - Parsing relationship: /_rels/.rels
22:09:26.434 DEBUG org.apache.poi.openxml4j.opc.OPCPackage - The close() method is intended to SAVE a package. This package is open in READ ONLY mode, use the revert() method instead!
22:09:26.442 INFO  AUTOMATION - On test starts: fifthTest
22:09:26.479 INFO  AUTOMATION - Test passed
22:09:26.490 DEBUG AUTOMATION - Getting the monsters list from Excel
22:09:26.536 DEBUG org.apache.poi.openxml4j.opc.PackageRelationshipCollection - Parsing relationship: /xl/_rels/workbook.xml.rels
22:09:26.544 DEBUG org.apache.poi.openxml4j.opc.PackageRelationshipCollection - Parsing relationship: /_rels/.rels
22:09:26.682 DEBUG org.apache.poi.openxml4j.opc.OPCPackage - The close() method is intended to SAVE a package. This package is open in READ ONLY mode, use the revert() method instead!
22:09:26.690 INFO  AUTOMATION - On test starts: fifthTest
22:09:26.708 INFO  AUTOMATION - Test passed
22:09:26.718 DEBUG AUTOMATION - Getting the monsters list from Excel
22:09:26.746 DEBUG org.apache.poi.openxml4j.opc.PackageRelationshipCollection - Parsing relationship: /xl/_rels/workbook.xml.rels
22:09:26.754 DEBUG org.apache.poi.openxml4j.opc.PackageRelationshipCollection - Parsing relationship: /_rels/.rels
22:09:26.840 DEBUG org.apache.poi.openxml4j.opc.OPCPackage - The close() method is intended to SAVE a package. This package is open in READ ONLY mode, use the revert() method instead!
22:09:26.845 INFO  AUTOMATION - On test starts: fifthTest
22:09:26.865 INFO  AUTOMATION - Test passed
22:09:26.875 DEBUG AUTOMATION - Getting the monsters list from Excel
22:09:26.893 DEBUG org.apache.poi.openxml4j.opc.PackageRelationshipCollection - Parsing relationship: /xl/_rels/workbook.xml.rels
22:09:26.903 DEBUG org.apache.poi.openxml4j.opc.PackageRelationshipCollection - Parsing relationship: /_rels/.rels
22:09:27.001 DEBUG org.apache.poi.openxml4j.opc.OPCPackage - The close() method is intended to SAVE a package. This package is open in READ ONLY mode, use the revert() method instead!
22:09:27.020 INFO  AUTOMATION - On test starts: fifthTest
22:09:27.041 INFO  AUTOMATION - Test passed
22:09:27.064 DEBUG AUTOMATION - Getting the monsters list from Excel
22:09:27.119 DEBUG org.apache.poi.openxml4j.opc.PackageRelationshipCollection - Parsing relationship: /xl/_rels/workbook.xml.rels
22:09:27.149 DEBUG org.apache.poi.openxml4j.opc.PackageRelationshipCollection - Parsing relationship: /_rels/.rels
22:09:27.251 DEBUG org.apache.poi.openxml4j.opc.OPCPackage - The close() method is intended to SAVE a package. This package is open in READ ONLY mode, use the revert() method instead!
22:09:27.259 INFO  AUTOMATION - On test starts: fifthTest
22:09:27.268 INFO  AUTOMATION - Test passed
22:09:27.276 DEBUG AUTOMATION - Getting the monsters list from Excel
22:09:27.301 DEBUG org.apache.poi.openxml4j.opc.PackageRelationshipCollection - Parsing relationship: /xl/_rels/workbook.xml.rels
22:09:27.305 DEBUG org.apache.poi.openxml4j.opc.PackageRelationshipCollection - Parsing relationship: /_rels/.rels
22:09:27.350 DEBUG org.apache.poi.openxml4j.opc.OPCPackage - The close() method is intended to SAVE a package. This package is open in READ ONLY mode, use the revert() method instead!
22:09:27.356 INFO  AUTOMATION - On test starts: fifthTest
22:09:27.364 INFO  AUTOMATION - Test passed
22:09:27.370 DEBUG AUTOMATION - Getting the monsters list from Excel
22:09:27.389 DEBUG org.apache.poi.openxml4j.opc.PackageRelationshipCollection - Parsing relationship: /xl/_rels/workbook.xml.rels
22:09:27.404 DEBUG org.apache.poi.openxml4j.opc.PackageRelationshipCollection - Parsing relationship: /_rels/.rels
22:09:27.494 DEBUG org.apache.poi.openxml4j.opc.OPCPackage - The close() method is intended to SAVE a package. This package is open in READ ONLY mode, use the revert() method instead!
22:09:27.501 INFO  AUTOMATION - On test starts: fifthTest
22:09:27.530 INFO  AUTOMATION - Test passed
22:09:27.539 DEBUG AUTOMATION - Getting the monsters list from Excel
22:09:27.587 DEBUG org.apache.poi.openxml4j.opc.PackageRelationshipCollection - Parsing relationship: /xl/_rels/workbook.xml.rels
22:09:27.590 DEBUG org.apache.poi.openxml4j.opc.PackageRelationshipCollection - Parsing relationship: /_rels/.rels
22:09:27.689 DEBUG org.apache.poi.openxml4j.opc.OPCPackage - The close() method is intended to SAVE a package. This package is open in READ ONLY mode, use the revert() method instead!
22:09:27.697 INFO  AUTOMATION - On test starts: fifthTest
22:09:27.724 INFO  AUTOMATION - Test passed
22:09:27.756 DEBUG AUTOMATION - Getting the monsters list from Excel
22:09:27.808 DEBUG org.apache.poi.openxml4j.opc.PackageRelationshipCollection - Parsing relationship: /xl/_rels/workbook.xml.rels
22:09:27.816 DEBUG org.apache.poi.openxml4j.opc.PackageRelationshipCollection - Parsing relationship: /_rels/.rels
22:09:27.934 DEBUG org.apache.poi.openxml4j.opc.OPCPackage - The close() method is intended to SAVE a package. This package is open in READ ONLY mode, use the revert() method instead!
22:09:27.940 INFO  AUTOMATION - On test starts: fifthTest
22:09:27.954 INFO  AUTOMATION - Test passed
22:09:27.964 DEBUG AUTOMATION - Getting the monsters list from Excel
22:09:27.989 DEBUG org.apache.poi.openxml4j.opc.PackageRelationshipCollection - Parsing relationship: /xl/_rels/workbook.xml.rels
22:09:27.996 DEBUG org.apache.poi.openxml4j.opc.PackageRelationshipCollection - Parsing relationship: /_rels/.rels
22:09:28.074 DEBUG org.apache.poi.openxml4j.opc.OPCPackage - The close() method is intended to SAVE a package. This package is open in READ ONLY mode, use the revert() method instead!
22:09:28.078 INFO  AUTOMATION - On test starts: fifthTest
22:09:28.091 INFO  AUTOMATION - Test passed
22:09:28.105 DEBUG AUTOMATION - Getting the monsters list from Excel
22:09:28.122 DEBUG org.apache.poi.openxml4j.opc.PackageRelationshipCollection - Parsing relationship: /xl/_rels/workbook.xml.rels
22:09:28.126 DEBUG org.apache.poi.openxml4j.opc.PackageRelationshipCollection - Parsing relationship: /_rels/.rels
22:09:28.214 DEBUG org.apache.poi.openxml4j.opc.OPCPackage - The close() method is intended to SAVE a package. This package is open in READ ONLY mode, use the revert() method instead!
22:09:28.221 INFO  AUTOMATION - On test starts: fifthTest
22:09:28.235 INFO  AUTOMATION - Test passed
22:09:28.245 DEBUG AUTOMATION - Getting the monsters list from Excel
22:09:28.264 DEBUG org.apache.poi.openxml4j.opc.PackageRelationshipCollection - Parsing relationship: /xl/_rels/workbook.xml.rels
22:09:28.273 DEBUG org.apache.poi.openxml4j.opc.PackageRelationshipCollection - Parsing relationship: /_rels/.rels
22:09:28.372 DEBUG org.apache.poi.openxml4j.opc.OPCPackage - The close() method is intended to SAVE a package. This package is open in READ ONLY mode, use the revert() method instead!
22:09:28.390 INFO  AUTOMATION - On test starts: fifthTest
22:09:28.406 INFO  AUTOMATION - Test passed
22:09:28.425 DEBUG AUTOMATION - Getting the monsters list from Excel
22:09:28.442 DEBUG org.apache.poi.openxml4j.opc.PackageRelationshipCollection - Parsing relationship: /xl/_rels/workbook.xml.rels
22:09:28.446 DEBUG org.apache.poi.openxml4j.opc.PackageRelationshipCollection - Parsing relationship: /_rels/.rels
22:09:28.515 DEBUG org.apache.poi.openxml4j.opc.OPCPackage - The close() method is intended to SAVE a package. This package is open in READ ONLY mode, use the revert() method instead!
22:09:28.523 INFO  AUTOMATION - On test starts: firstTest
22:09:28.532 INFO  AUTOMATION - Verifying the name of the first monster...
22:09:28.546 INFO  AUTOMATION - Test passed
22:09:28.564 DEBUG AUTOMATION - Getting the monsters list from Excel
22:09:28.581 DEBUG org.apache.poi.openxml4j.opc.PackageRelationshipCollection - Parsing relationship: /xl/_rels/workbook.xml.rels
22:09:28.587 DEBUG org.apache.poi.openxml4j.opc.PackageRelationshipCollection - Parsing relationship: /_rels/.rels
22:09:28.626 DEBUG org.apache.poi.openxml4j.opc.OPCPackage - The close() method is intended to SAVE a package. This package is open in READ ONLY mode, use the revert() method instead!
22:09:28.635 INFO  AUTOMATION - On test starts: fourthTest
22:09:28.645 INFO  AUTOMATION - Verifying all the information of the last monster...
22:09:28.659 INFO  AUTOMATION - Test passed
22:09:28.666 DEBUG AUTOMATION - Getting the monsters list from Excel
22:09:28.680 DEBUG org.apache.poi.openxml4j.opc.PackageRelationshipCollection - Parsing relationship: /xl/_rels/workbook.xml.rels
22:09:28.683 DEBUG org.apache.poi.openxml4j.opc.PackageRelationshipCollection - Parsing relationship: /_rels/.rels
22:09:28.718 DEBUG org.apache.poi.openxml4j.opc.OPCPackage - The close() method is intended to SAVE a package. This package is open in READ ONLY mode, use the revert() method instead!
22:09:28.724 INFO  AUTOMATION - On test starts: thirdTest
22:09:28.732 INFO  AUTOMATION - Verifying the level of the third monster...
22:09:28.738 INFO  AUTOMATION - Test passed
22:09:28.761 DEBUG AUTOMATION - Reading the user
22:09:29.988 INFO  AUTOMATION - On test starts: fourthTest
22:09:29.994 INFO  AUTOMATION - Verifying the user information...
22:09:30.000 INFO  AUTOMATION - Test passed
22:09:30.012 DEBUG AUTOMATION - Reading the user
22:09:30.051 INFO  AUTOMATION - On test starts: secondTest
22:09:30.057 INFO  AUTOMATION - Verifying the longitude...
22:09:30.062 INFO  AUTOMATION - Test passed
22:09:30.210 INFO  AUTOMATION - On finish
